<?xml version="1.0" encoding="UTF-8"?>
<!-- Generated by org.testng.reporters.JUnitReportReporter -->
<testsuite hostname="Lenovo" failures="0" tests="1" name="guvi_Project1.Project3_INVALIDFUNCTION" time="31.153" errors="0" timestamp="2023-01-01T09:16:16 IST" skipped="0">
  <testcase classname="guvi_Project1.Project3_INVALIDFUNCTION" name="f" time="31.153"/>
  <system-out/>
</testsuite> <!-- guvi_Project1.Project3_INVALIDFUNCTION -->
