<?xml version="1.0" encoding="UTF-8"?>
<!-- Generated by org.testng.reporters.JUnitReportReporter -->
<testsuite hostname="Lenovo" failures="0" tests="1" name="guvi_Project1.project_DELETE" time="47.575" errors="0" timestamp="2023-01-01T10:03:34 IST" skipped="0">
  <testcase classname="guvi_Project1.project_DELETE" name="f" time="47.575"/>
  <system-out/>
</testsuite> <!-- guvi_Project1.project_DELETE -->
