<?xml version="1.0" encoding="UTF-8"?>
<!-- Generated by org.testng.reporters.JUnitReportReporter -->
<testsuite hostname="Lenovo" failures="0" tests="1" name="guvi_Project1.project1_LOGINFUNCTION" time="133.345" errors="0" timestamp="2023-01-01T08:46:27 IST" skipped="0">
  <testcase classname="guvi_Project1.project1_LOGINFUNCTION" name="f" time="133.345"/>
  <system-out/>
</testsuite> <!-- guvi_Project1.project1_LOGINFUNCTION -->
