<?xml version="1.0" encoding="UTF-8"?>
<!-- Generated by org.testng.reporters.JUnitReportReporter -->
<testsuite hostname="Lenovo" failures="0" tests="1" name="guvi_Project1.project3_DELETE" time="48.050" errors="0" timestamp="2023-01-01T11:21:52 IST" skipped="0">
  <testcase classname="guvi_Project1.project3_DELETE" name="f" time="48.050"/>
  <system-out/>
</testsuite> <!-- guvi_Project1.project3_DELETE -->
