<?xml version="1.0" encoding="UTF-8"?>
<!-- Generated by org.testng.reporters.JUnitReportReporter -->
<testsuite hostname="Lenovo" failures="0" tests="1" name="guvi_Project1.Project_1" time="49.423" errors="0" timestamp="2022-12-31T18:44:30 IST" skipped="0">
  <testcase classname="guvi_Project1.Project_1" name="f" time="49.423"/>
  <system-out/>
</testsuite> <!-- guvi_Project1.Project_1 -->
